0 info it worked if it ends with ok
1 verbose cli [ 'F:\\Node.js\\node.exe',
1 verbose cli   'F:\\Node.js\\node_modules\\npm\\bin\\npm-cli.js',
1 verbose cli   'start' ]
2 info using npm@4.1.2
3 info using node@v7.7.4
4 verbose run-script [ 'prestart', 'start', 'poststart' ]
5 info lifecycle task91@0.0.0~prestart: task91@0.0.0
6 silly lifecycle task91@0.0.0~prestart: no script for prestart, continuing
7 info lifecycle task91@0.0.0~start: task91@0.0.0
8 verbose lifecycle task91@0.0.0~start: unsafe-perm in lifecycle true
9 verbose lifecycle task91@0.0.0~start: PATH: F:\Node.js\node_modules\npm\bin\node-gyp-bin;H:\Web开发\jike\task91\node_modules\.bin;C:\ProgramData\Oracle\Java\javapath;C:\WINDOWS\system32;C:\WINDOWS;C:\WINDOWS\System32\Wbem;F:\Java\jdk1.8.0_121\bin;C:\Program Files\MySQL\MySQL Server 5.7\bin;F:\Node.js\\;F:\Node.js\\node_global;C:\Program Files\Microsoft SQL Server\Client SDK\ODBC\110\Tools\Binn\;C:\Program Files (x86)\Microsoft SQL Server\120\Tools\Binn\;C:\Program Files\Microsoft SQL Server\120\Tools\Binn\;C:\Program Files\Microsoft SQL Server\120\DTS\Binn\;C:\Program Files (x86)\Microsoft SQL Server\120\Tools\Binn\ManagementStudio\;F:\Graphviz\bin;C:\Program Files (x86)\Microsoft SQL Server\Client SDK\ODBC\130\Tools\Binn\;C:\Program Files (x86)\Microsoft SQL Server\140\Tools\Binn\;C:\Program Files (x86)\Microsoft SQL Server\140\DTS\Binn\;C:\Program Files (x86)\Microsoft SQL Server\140\Tools\Binn\ManagementStudio\;f:\Git\cmd;C:\Ruby24-x64\bin;C:\Users\acer\AppData\Local\Microsoft\WindowsApps;F:\Node.js\node_global
10 verbose lifecycle task91@0.0.0~start: CWD: H:\Web开发\jike\task91
11 silly lifecycle task91@0.0.0~start: Args: [ '/d /s /c', 'node ./bin/www' ]
12 silly lifecycle task91@0.0.0~start: Returned: code: 3221225786  signal: null
13 info lifecycle task91@0.0.0~start: Failed to exec start script
14 verbose stack Error: task91@0.0.0 start: `node ./bin/www`
14 verbose stack Exit status 3221225786
14 verbose stack     at EventEmitter.<anonymous> (F:\Node.js\node_modules\npm\lib\utils\lifecycle.js:279:16)
14 verbose stack     at emitTwo (events.js:106:13)
14 verbose stack     at EventEmitter.emit (events.js:194:7)
14 verbose stack     at ChildProcess.<anonymous> (F:\Node.js\node_modules\npm\lib\utils\spawn.js:40:14)
14 verbose stack     at emitTwo (events.js:106:13)
14 verbose stack     at ChildProcess.emit (events.js:194:7)
14 verbose stack     at maybeClose (internal/child_process.js:899:16)
14 verbose stack     at Process.ChildProcess._handle.onexit (internal/child_process.js:226:5)
15 verbose pkgid task91@0.0.0
16 verbose cwd H:\Web开发\jike\task91
17 error Windows_NT 10.0.14393
18 error argv "F:\\Node.js\\node.exe" "F:\\Node.js\\node_modules\\npm\\bin\\npm-cli.js" "start"
19 error node v7.7.4
20 error npm  v4.1.2
21 error code ELIFECYCLE
22 error task91@0.0.0 start: `node ./bin/www`
22 error Exit status 3221225786
23 error Failed at the task91@0.0.0 start script 'node ./bin/www'.
23 error Make sure you have the latest version of node.js and npm installed.
23 error If you do, this is most likely a problem with the task91 package,
23 error not with npm itself.
23 error Tell the author that this fails on your system:
23 error     node ./bin/www
23 error You can get information on how to open an issue for this project with:
23 error     npm bugs task91
23 error Or if that isn't available, you can get their info via:
23 error     npm owner ls task91
23 error There is likely additional logging output above.
24 verbose exit [ 1, true ]
